Determining if the pthread_create exist failed with the following output:
Change Dir: /home/orion996/cs480Jordy/PA0/build/CMakeFiles/CMakeTmp

Run Build Command:"/usr/bin/make" "cmTC_c8df7/fast"
/usr/bin/make -f CMakeFiles/cmTC_c8df7.dir/build.make CMakeFiles/cmTC_c8df7.dir/build
make[1]: Entering directory '/home/orion996/cs480Jordy/PA0/build/CMakeFiles/CMakeTmp'
Building C object CMakeFiles/cmTC_c8df7.dir/CheckSymbolExists.c.o
/usr/bin/cc     -o CMakeFiles/cmTC_c8df7.dir/CheckSymbolExists.c.o   -c /home/orion996/cs480Jordy/PA0/build/CMakeFiles/CMakeTmp/CheckSymbolExists.c
Linking C executable cmTC_c8df7
/usr/bin/cmake -E cmake_link_script CMakeFiles/cmTC_c8df7.dir/link.txt --verbose=1
/usr/bin/cc       CMakeFiles/cmTC_c8df7.dir/CheckSymbolExists.c.o  -o cmTC_c8df7 -rdynamic 
CMakeFiles/cmTC_c8df7.dir/CheckSymbolExists.c.o: In function `main':
CheckSymbolExists.c:(.text+0x16): undefined reference to `pthread_create'
collect2: error: ld returned 1 exit status
CMakeFiles/cmTC_c8df7.dir/build.make:97: recipe for target 'cmTC_c8df7' failed
make[1]: *** [cmTC_c8df7] Error 1
make[1]: Leaving directory '/home/orion996/cs480Jordy/PA0/build/CMakeFiles/CMakeTmp'
Makefile:126: recipe for target 'cmTC_c8df7/fast' failed
make: *** [cmTC_c8df7/fast] Error 2

File /home/orion996/cs480Jordy/PA0/build/CMakeFiles/CMakeTmp/CheckSymbolExists.c:
/* */
#include <pthread.h>

int main(int argc, char** argv)
{
  (void)argv;
#ifndef pthread_create
  return ((int*)(&pthread_create))[argc];
#else
  (void)argc;
  return 0;
#endif
}

Determining if the function pthread_create exists in the pthreads failed with the following output:
Change Dir: /home/orion996/cs480Jordy/PA0/build/CMakeFiles/CMakeTmp

Run Build Command:"/usr/bin/make" "cmTC_fbe96/fast"
/usr/bin/make -f CMakeFiles/cmTC_fbe96.dir/build.make CMakeFiles/cmTC_fbe96.dir/build
make[1]: Entering directory '/home/orion996/cs480Jordy/PA0/build/CMakeFiles/CMakeTmp'
Building C object CMakeFiles/cmTC_fbe96.dir/CheckFunctionExists.c.o
/usr/bin/cc    -DCHECK_FUNCTION_EXISTS=pthread_create   -o CMakeFiles/cmTC_fbe96.dir/CheckFunctionExists.c.o   -c /usr/share/cmake-3.5/Modules/CheckFunctionExists.c
Linking C executable cmTC_fbe96
/usr/bin/cmake -E cmake_link_script CMakeFiles/cmTC_fbe96.dir/link.txt --verbose=1
/usr/bin/cc   -DCHECK_FUNCTION_EXISTS=pthread_create    CMakeFiles/cmTC_fbe96.dir/CheckFunctionExists.c.o  -o cmTC_fbe96 -rdynamic -lpthreads 
/usr/bin/ld: cannot find -lpthreads
collect2: error: ld returned 1 exit status
CMakeFiles/cmTC_fbe96.dir/build.make:97: recipe for target 'cmTC_fbe96' failed
make[1]: *** [cmTC_fbe96] Error 1
make[1]: Leaving directory '/home/orion996/cs480Jordy/PA0/build/CMakeFiles/CMakeTmp'
Makefile:126: recipe for target 'cmTC_fbe96/fast' failed
make: *** [cmTC_fbe96/fast] Error 2


